<?xml version="1.0" encoding="UTF-8"?>
<!-- Generated by org.testng.reporters.JUnitReportReporter -->
<testsuite skipped="0" hostname="SUDHAPAT-IN" name="com.actitime.tests.FileUploadUsingAutoITAndRobot" tests="1" failures="0" timestamp="2022-11-05T09:12:44 IST" time="25.691" errors="0">
  <testcase name="fileUploadUsingAUtoIT" time="25.691" classname="com.actitime.tests.FileUploadUsingAutoITAndRobot"/>
  <system-out/>
</testsuite> <!-- com.actitime.tests.FileUploadUsingAutoITAndRobot -->
